 INFO: nweb starting:8080:179590
 INFO: request:GET / HTTP/1.1**Host: localhost:8080**User-Agent: Mozilla/5.0 (X11; Linux x86_64; rv:146.0) Gecko/20100101 Firefox/146.0**Accept: text/html,application/xhtml+xml,application/xml;q=0.9,*/*;q=0.8**Accept-Language: en-GB,en;q=0.5**Accept-Encoding: gzip, deflate, br, zstd**Connection: keep-alive**Upgrade-Insecure-Requests: 1**Sec-Fetch-Dest: document**Sec-Fetch-Mode: navigate**Sec-Fetch-Site: none**Sec-Fetch-User: ?1**Priority: u=0, i****:1
NOT FOUND: failed to open file:index.html
 INFO: request:GET /favicon.ico HTTP/1.1**Host: localhost:8080**User-Agent: Mozilla/5.0 (X11; Linux x86_64; rv:146.0) Gecko/20100101 Firefox/146.0**Accept: image/avif,image/webp,image/png,image/svg+xml,image/*;q=0.8,*/*;q=0.5**Accept-Language: en-GB,en;q=0.5**Accept-Encoding: gzip, deflate, br, zstd**Connection: keep-alive**Referer: http://localhost:8080/**Sec-Fetch-Dest: image**Sec-Fetch-Mode: no-cors**Sec-Fetch-Site: same-origin**Priority: u=6****:2
NOT FOUND: failed to open file:favicon.ico
 INFO: request:GET /restaurants.json HTTP/1.1**Host: localhost:8080**User-Agent: Mozilla/5.0 (X11; Linux x86_64; rv:146.0) Gecko/20100101 Firefox/146.0**Accept: text/html,application/xhtml+xml,application/xml;q=0.9,*/*;q=0.8**Accept-Language: en-GB,en;q=0.5**Accept-Encoding: gzip, deflate, br, zstd**Connection: keep-alive**Upgrade-Insecure-Requests: 1**Sec-Fetch-Dest: document**Sec-Fetch-Mode: navigate**Sec-Fetch-Site: none**Sec-Fetch-User: ?1**Priority: u=0, i****:3
 INFO: SEND:restaurants.json:3
 INFO: Header:HTTP/1.1 200 OK
Server: nweb/23.0
Content-Length: 2342
Connection: close
Content-Type: application/json

:3
 INFO: request:GET /favicon.ico HTTP/1.1**Host: localhost:8080**User-Agent: Mozilla/5.0 (X11; Linux x86_64; rv:146.0) Gecko/20100101 Firefox/146.0**Accept: image/avif,image/webp,image/png,image/svg+xml,image/*;q=0.8,*/*;q=0.5**Accept-Language: en-GB,en;q=0.5**Accept-Encoding: gzip, deflate, br, zstd**Connection: keep-alive**Referer: http://localhost:8080/restaurants.json**Sec-Fetch-Dest: image**Sec-Fetch-Mode: no-cors**Sec-Fetch-Site: cross-site**Priority: u=6****:4
NOT FOUND: failed to open file:favicon.ico
 INFO: request:GET /restaurants.json HTTP/1.1**Host: localhost:8080**User-Agent: Mozilla/5.0 (X11; Linux x86_64; rv:146.0) Gecko/20100101 Firefox/146.0**Accept: text/html,application/xhtml+xml,application/xml;q=0.9,*/*;q=0.8**Accept-Language: en-GB,en;q=0.5**Accept-Encoding: gzip, deflate, br, zstd**Connection: keep-alive**Upgrade-Insecure-Requests: 1**Sec-Fetch-Dest: document**Sec-Fetch-Mode: navigate**Sec-Fetch-Site: none**Sec-Fetch-User: ?1**Priority: u=0, i****:5
 INFO: SEND:restaurants.json:5
 INFO: Header:HTTP/1.1 200 OK
Server: nweb/23.0
Content-Length: 2342
Connection: close
Content-Type: application/json

:5
 INFO: request:GET /favicon.ico HTTP/1.1**Host: localhost:8080**User-Agent: Mozilla/5.0 (X11; Linux x86_64; rv:146.0) Gecko/20100101 Firefox/146.0**Accept: image/avif,image/webp,image/png,image/svg+xml,image/*;q=0.8,*/*;q=0.5**Accept-Language: en-GB,en;q=0.5**Accept-Encoding: gzip, deflate, br, zstd**Connection: keep-alive**Referer: http://localhost:8080/restaurants.json**Sec-Fetch-Dest: image**Sec-Fetch-Mode: no-cors**Sec-Fetch-Site: cross-site**Priority: u=6****:6
NOT FOUND: failed to open file:favicon.ico
 INFO: request:GET /restaurants.json HTTP/1.1**Host: localhost:8080**User-Agent: Mozilla/5.0 (X11; Linux x86_64; rv:146.0) Gecko/20100101 Firefox/146.0**Accept: text/html,application/xhtml+xml,application/xml;q=0.9,*/*;q=0.8**Accept-Language: en-GB,en;q=0.5**Accept-Encoding: gzip, deflate, br, zstd**Connection: keep-alive**Upgrade-Insecure-Requests: 1**Sec-Fetch-Dest: document**Sec-Fetch-Mode: navigate**Sec-Fetch-Site: none**Sec-Fetch-User: ?1**Priority: u=0, i****:7
 INFO: SEND:restaurants.json:7
 INFO: Header:HTTP/1.1 200 OK
Server: nweb/23.0
Content-Length: 2342
Connection: close
Content-Type: application/json

:7
 INFO: request:GET /favicon.ico HTTP/1.1**Host: localhost:8080**User-Agent: Mozilla/5.0 (X11; Linux x86_64; rv:146.0) Gecko/20100101 Firefox/146.0**Accept: image/avif,image/webp,image/png,image/svg+xml,image/*;q=0.8,*/*;q=0.5**Accept-Language: en-GB,en;q=0.5**Accept-Encoding: gzip, deflate, br, zstd**Connection: keep-alive**Referer: http://localhost:8080/restaurants.json**Sec-Fetch-Dest: image**Sec-Fetch-Mode: no-cors**Sec-Fetch-Site: cross-site**Priority: u=6****:8
NOT FOUND: failed to open file:favicon.ico
 INFO: request:GET /restaurants.json HTTP/1.1**Host: localhost:8080**User-Agent: Mozilla/5.0 (X11; Linux x86_64; rv:146.0) Gecko/20100101 Firefox/146.0**Accept: text/html,application/xhtml+xml,application/xml;q=0.9,*/*;q=0.8**Accept-Language: en-GB,en;q=0.5**Accept-Encoding: gzip, deflate, br, zstd**Connection: keep-alive**Upgrade-Insecure-Requests: 1**Sec-Fetch-Dest: document**Sec-Fetch-Mode: navigate**Sec-Fetch-Site: none**Sec-Fetch-User: ?1**Priority: u=0, i****:9
 INFO: SEND:restaurants.json:9
 INFO: Header:HTTP/1.1 200 OK
Server: nweb/23.0
Content-Length: 2342
Connection: close
Content-Type: application/json

:9
 INFO: request:GET /favicon.ico HTTP/1.1**Host: localhost:8080**User-Agent: Mozilla/5.0 (X11; Linux x86_64; rv:146.0) Gecko/20100101 Firefox/146.0**Accept: image/avif,image/webp,image/png,image/svg+xml,image/*;q=0.8,*/*;q=0.5**Accept-Language: en-GB,en;q=0.5**Accept-Encoding: gzip, deflate, br, zstd**Connection: keep-alive**Referer: http://localhost:8080/restaurants.json**Sec-Fetch-Dest: image**Sec-Fetch-Mode: no-cors**Sec-Fetch-Site: cross-site**Priority: u=6****:10
NOT FOUND: failed to open file:favicon.ico
 INFO: request:GET /restaurants.json HTTP/1.1**Host: localhost:8080**User-Agent: Mozilla/5.0 (X11; Linux x86_64; rv:146.0) Gecko/20100101 Firefox/146.0**Accept: text/html,application/xhtml+xml,application/xml;q=0.9,*/*;q=0.8**Accept-Language: en-GB,en;q=0.5**Accept-Encoding: gzip, deflate, br, zstd**Connection: keep-alive**Upgrade-Insecure-Requests: 1**Sec-Fetch-Dest: document**Sec-Fetch-Mode: navigate**Sec-Fetch-Site: none**Sec-Fetch-User: ?1**Priority: u=0, i****:11
 INFO: SEND:restaurants.json:11
 INFO: Header:HTTP/1.1 200 OK
Server: nweb/23.0
Content-Length: 2342
Connection: close
Content-Type: application/json

:11
 INFO: request:GET /favicon.ico HTTP/1.1**Host: localhost:8080**User-Agent: Mozilla/5.0 (X11; Linux x86_64; rv:146.0) Gecko/20100101 Firefox/146.0**Accept: image/avif,image/webp,image/png,image/svg+xml,image/*;q=0.8,*/*;q=0.5**Accept-Language: en-GB,en;q=0.5**Accept-Encoding: gzip, deflate, br, zstd**Connection: keep-alive**Referer: http://localhost:8080/restaurants.json**Sec-Fetch-Dest: image**Sec-Fetch-Mode: no-cors**Sec-Fetch-Site: cross-site**Priority: u=6****:12
NOT FOUND: failed to open file:favicon.ico
 INFO: request:GET /restaurants.json HTTP/1.1**Host: 10.0.2.2:8080**Connection: Keep-Alive**Accept-Encoding: gzip**User-Agent: okhttp/3.14.9****:13
 INFO: SEND:restaurants.json:13
 INFO: Header:HTTP/1.1 200 OK
Server: nweb/23.0
Content-Length: 2342
Connection: close
Content-Type: application/json

:13
 INFO: request:GET /restaurants.json HTTP/1.1**Host: 10.0.2.2:8080**Connection: Keep-Alive**Accept-Encoding: gzip**User-Agent: okhttp/3.14.9****:14
 INFO: SEND:restaurants.json:14
 INFO: Header:HTTP/1.1 200 OK
Server: nweb/23.0
Content-Length: 2342
Connection: close
Content-Type: application/json

:14
 INFO: request:GET /restaurants.json HTTP/1.1**Host: 10.0.2.2:8080**Connection: Keep-Alive**Accept-Encoding: gzip**User-Agent: okhttp/3.14.9****:15
 INFO: SEND:restaurants.json:15
 INFO: Header:HTTP/1.1 200 OK
Server: nweb/23.0
Content-Length: 2319
Connection: close
Content-Type: application/json

:15
 INFO: request:GET /restaurants.json HTTP/1.1**Host: 10.0.2.2:8080**Connection: Keep-Alive**Accept-Encoding: gzip**User-Agent: okhttp/3.14.9****:16
 INFO: SEND:restaurants.json:16
 INFO: Header:HTTP/1.1 200 OK
Server: nweb/23.0
Content-Length: 2319
Connection: close
Content-Type: application/json

:16
 INFO: request:GET /restaurants.json HTTP/1.1**Host: 10.0.2.2:8080**Connection: Keep-Alive**Accept-Encoding: gzip**User-Agent: okhttp/3.14.9****:17
 INFO: SEND:restaurants.json:17
 INFO: Header:HTTP/1.1 200 OK
Server: nweb/23.0
Content-Length: 2319
Connection: close
Content-Type: application/json

:17
 INFO: request:GET /restaurants.json HTTP/1.1**Host: 10.0.2.2:8080**Connection: Keep-Alive**Accept-Encoding: gzip**User-Agent: okhttp/3.14.9****:18
 INFO: SEND:restaurants.json:18
 INFO: Header:HTTP/1.1 200 OK
Server: nweb/23.0
Content-Length: 2328
Connection: close
Content-Type: application/json

:18
 INFO: request:GET /restaurants.json HTTP/1.1**Host: 10.0.2.2:8080**Connection: Keep-Alive**Accept-Encoding: gzip**User-Agent: okhttp/3.14.9****:19
 INFO: SEND:restaurants.json:19
 INFO: Header:HTTP/1.1 200 OK
Server: nweb/23.0
Content-Length: 2328
Connection: close
Content-Type: application/json

:19
